1751067884747:a
1751067887209:help
1751067922819:signin
1751067929014:signin a p
1751068169641:help
1751068174691:'\n'
1751068241590:help
1751069099331:siginin
1751069102686:signin
1751069117175:signin --username A --password B
1751070293014:help
1751070296717:clear
1751070303470:help
1751070306911:clear
1751070313473:signin
1751070319517:signin username password
1751070509530:help
1751070512232:signin
1751070517582:signin username password
1751070764828:help
1751070768093:signin
1751070774346:signin username password
1751070958702:help
1751070960698:signin
1751070964011:signin a b
1751071232375:shell
1751071234233:help
1751071458125:signup p a
1751071468577:signup _ a
1751071497890:signup admin Pwd@1234
1751071506819:signin admin P
1751071512501:signin admin Pwd@1234
1751071516175:help
1751072817872:exit
1751073405440:help
1751073411544:exit
1751073714898:help
1751073729589:q
1751073801561:help
1751073806803:sign-up
1751073820910:sign-up username Pwd@1234
1751073825956:sign-in username P
1751073838160:sign-in username Pwd@1234
1751073843645:sign-in
1751073851286:sign-in username Pwd@1234
1751073865719:sign-up username Pwd@1234
1751073874077:q
1751076076490:help
1751076089950:sign-in
1751076095781:sign-in username Pwd@1234
1751076109977:sign-up
1751076113861:sign-up u a
1751076116991:help
1751076128091:sign-out
1751076135672:sign-in username Pwd@1234
1751076142008:log-out
1751076149485:sign-in username Pwd@1234
1751076172335:q
1751096049765:help
1751096069595:sign-up
1751096076230:sign-up username Pwd@1234
1751096079513:help
1751096080520:clear
1751096092135:sign-in username Pwd@1234
1751096094377:help
1751096135846:view-emp
1751096141222:reg-emp
1751096146963:reg-emp abc
1751096152545:view-emp
1751096435857:reg-emp
1751096438574:reg-emp aa
1751096441860:help
1751097794863:version
1751097797761:script
1751098337230:help
1751098355399:help help
1751098370285:help
1751098373522:exit help
1751098382898:help
1751098388354:sign-in --help
1751098402255:sign-out --help
1751098414357:view-emp -h
1751098427959:reg-emp -h
1751098432374:aaa
1751098436047:reg-em
1751098441751:clear
1751098995470:help
1751098998905:q
1751099637671:help
1751099754844:q
1751102406744:help
1751102414019:sign-in username Pwd@1234
1751102437722:sign-up admin1 Pwd@1234
1751102445366:sign-in admin1 Pwd@1234
1751102451255:view-emp
1751103151453:help
1751103161105:sign-in admin Pwd@1234
1751103169035:sign-up admin Pwd@1234
1751103175746:sign-in admin Pwd@1234
1751103193795:view-emp
1751103511754:help
1751103522756:sign-up admin Pwd@1234
1751103530636:sign-in admin Pwd@1234
1751103534534:view-emp
1751103540527:reg-emp
1751103726609:q
1751103740810:sign-in admin Pwd@1234
1751103752585:help
1751103756024:view-emp
1751103763427:reg-emp
1751104182234:help
1751104198748:sign-in admin Pwd@1234
1751104203277:view-emp
1751104221423:punch-in 1
1751104232769:q
1751106992882:help
1751106998505:sign-in admin Pwd@1234
1751107003124:view-emp
1751107022218:get-punches 1 2025 5
1751107029065:get-punches 1 2025 6
1751107098551:help
1751107105281:sign-in admin Pwd@1234
1751107130090:view-emp
1751107143961:get-punches 1 2025 6
1751107148065:get-punches 1 2025 5
1751107151393:q
1751108937786:help
1751108952320:get-punches -h
1751108961658:sign-in admin Pwd@1234
1751108966804:get-punches 1
1751109007194:q
1751109288719:help
1751109294943:get-punches 1
1751109303044:sign-in admin Pwd@1234
1751109307847:get-punches 1
1751109336974:get-punches 1 2025 6
1751109345597:q
1751109561327:help
1751109564137:get-punches 1
1751109569449:sign-in admin Pwd@1234
1751109573682:get-punches 1
1751109582938:get-punches 1 2025
1751109591261:get-punches 1 2025 7
1751109595139:q
1751110208942:help
1751110217310:sign-in admin Pwd@1234
1751110221613:get-punches
1751110248414:get-punches 1
1751110260145:get-punches 1 2024
1751110420552:sign-in admin Pwd@1234
1751110426048:get-punches
1751110432716:get-punches 1
1751110444236:get-punches 1 2025
1751110462380:get-punches 1 2025 6
1751110465312:q
1751110495023:sign-in admin Pwd@1234
1751110508973:get-punches 1 --year 2025
1751110523462:get-punches --eid 1 --year 2025
1751110530644:q
1751110747023:sign-in admin Pwd@1234
1751110750738:get-punches
1751110755567:get-punches 1
1751110762567:git-punches 1 2025 6
1751110768028:q
1751110786631:sign-in admin Pwd@1234
1751110796023:get-punches 1 --year 2025
1751110802454:get-punches 1 --year 2025 --month 6
1751110804297:q
1751114979287:help
1751114989098:sign-in admin
1751115000426:sign-in
1751115011092:sign-in admin Pwd@1234
1751115014952:help
1751115021954:sign-out
1751115028578:view-emp
1751115034750:sign-in admin Pwd@1234
1751115059820:help Home Page
1751115067342:help punch-in
1751115072507:punch-in
1751115079426:punch-in 1
1751115092773:get-punches
1751115096374:get-punches 1
1751115105281:get-punches 1 2025 7
1751115109421:get-punches 1 2025 13
1751115122231:get-punches 1 2025 -1
1751115123928:q
